[debug] [2024-04-23T02:08:33.381Z] ----------------------------------------------------------------------
[debug] [2024-04-23T02:08:33.383Z] Command:       /usr/local/share/nvm/versions/node/v20.12.1/bin/node /home/codespace/nvm/current/bin/firebase init
[debug] [2024-04-23T02:08:33.383Z] CLI Version:   13.7.3
[debug] [2024-04-23T02:08:33.384Z] Platform:      linux
[debug] [2024-04-23T02:08:33.384Z] Node Version:  v20.12.1
[debug] [2024-04-23T02:08:33.384Z] Time:          Tue Apr 23 2024 02:08:33 GMT+0000 (Coordinated Universal Time)
[debug] [2024-04-23T02:08:33.384Z] Env Overrides: GITHUB_API_URL
[debug] [2024-04-23T02:08:33.387Z] ----------------------------------------------------------------------
[debug] 
[debug] [2024-04-23T02:08:33.392Z] > command requires scopes: ["email","openid","https://www.googleapis.com/auth/cloudplatformprojects.readonly","https://www.googleapis.com/auth/firebase","https://www.googleapis.com/auth/cloud-platform"]
[debug] [2024-04-23T02:08:33.392Z] > authorizing via signed-in user (ayush1337@hotmail.com)
[info] 
     ######## #### ########  ######## ########     ###     ######  ########
     ##        ##  ##     ## ##       ##     ##  ##   ##  ##       ##
     ######    ##  ########  ######   ########  #########  ######  ######
     ##        ##  ##    ##  ##       ##     ## ##     ##       ## ##
     ##       #### ##     ## ######## ########  ##     ##  ######  ########

You're about to initialize a Firebase project in this directory:

  /workspaces/WieHack

Before we get started, keep in mind:

  * You are currently outside your home directory

